{"level":"info","message":"Authentication configuration loaded","method":"cookies","service":"xmcpx","timestamp":"2025-08-24T09:25:05.704Z"}
{"level":"info","message":"Starting XMCP server on stdio transport...","service":"xmcpx","timestamp":"2025-08-24T09:25:05.710Z"}
{"level":"info","message":"XMCP server running on stdio","service":"xmcpx","timestamp":"2025-08-24T09:25:05.712Z"}
{"level":"info","message":"Initial health check completed","service":"xmcpx","status":"unhealthy","timestamp":"2025-08-24T09:25:05.716Z"}
{"error":"Health check returned unhealthy status","healthStatus":{"authenticated":false,"message":"Server is unhealthy - authentication required","status":"unhealthy","timestamp":"2025-08-24T09:25:05.716Z"},"level":"error","message":"Initial health check failed","service":"xmcpx","stack":"Error: Health check returned unhealthy status\n    at startServer (/root/.npm/_npx/c79848456175e236/node_modules/@promptordie/xmcpx/build/index.js:694:74)\n    at process.processTicksAndRejections (node:internal/process/task_queues:105:5)","timestamp":"2025-08-24T09:25:05.717Z"}
{"error":"listen EADDRINUSE: address already in use :::3001","level":"error","message":"Port 3001 is already in use","service":"xmcpx","stack":"Error: listen EADDRINUSE: address already in use :::3001\n    at Server.setupListenHandle [as _listen2] (node:net:1940:16)\n    at listenInCluster (node:net:1997:12)\n    at Server.listen (node:net:2102:7)\n    at startServer (/root/.npm/_npx/c79848456175e236/node_modules/@promptordie/xmcpx/build/index.js:734:24)\n    at process.processTicksAndRejections (node:internal/process/task_queues:105:5)","timestamp":"2025-08-24T09:25:05.719Z"}
{"level":"info","message":"Shutting down XMCP server...","service":"xmcpx","timestamp":"2025-08-24T09:26:39.729Z"}
{"level":"info","message":"Authentication configuration loaded","method":"cookies","service":"xmcpx","timestamp":"2025-08-24T09:31:04.991Z"}
{"level":"info","message":"Starting XMCP server on stdio transport...","service":"xmcpx","timestamp":"2025-08-24T09:31:04.993Z"}
{"level":"info","message":"XMCP server running on stdio","service":"xmcpx","timestamp":"2025-08-24T09:31:04.995Z"}
{"level":"info","message":"Initial health check completed","service":"xmcpx","status":"unhealthy","timestamp":"2025-08-24T09:31:04.999Z"}
{"error":"Health check returned unhealthy status","healthStatus":{"authenticated":false,"message":"Server is unhealthy - authentication required","status":"unhealthy","timestamp":"2025-08-24T09:31:04.999Z"},"level":"error","message":"Initial health check failed","service":"xmcpx","stack":"Error: Health check returned unhealthy status\n    at startServer (/root/.npm/_npx/c79848456175e236/node_modules/@promptordie/xmcpx/build/index.js:694:74)\n    at process.processTicksAndRejections (node:internal/process/task_queues:105:5)","timestamp":"2025-08-24T09:31:05.000Z"}
{"error":"listen EADDRINUSE: address already in use :::3001","level":"error","message":"Port 3001 is already in use","service":"xmcpx","stack":"Error: listen EADDRINUSE: address already in use :::3001\n    at Server.setupListenHandle [as _listen2] (node:net:1940:16)\n    at listenInCluster (node:net:1997:12)\n    at Server.listen (node:net:2102:7)\n    at startServer (/root/.npm/_npx/c79848456175e236/node_modules/@promptordie/xmcpx/build/index.js:734:24)\n    at process.processTicksAndRejections (node:internal/process/task_queues:105:5)","timestamp":"2025-08-24T09:31:05.009Z"}
{"level":"info","message":"Shutting down XMCP server...","service":"xmcpx","timestamp":"2025-08-24T09:31:44.979Z"}
{"level":"info","message":"Authentication configuration loaded","method":"cookies","service":"xmcpx","timestamp":"2025-08-24T09:50:43.001Z"}
{"level":"info","message":"Starting XMCP server on stdio transport...","service":"xmcpx","timestamp":"2025-08-24T09:50:43.003Z"}
{"level":"info","message":"XMCP server running on stdio","service":"xmcpx","timestamp":"2025-08-24T09:50:43.005Z"}
{"level":"info","message":"Initial health check completed","service":"xmcpx","status":"unhealthy","timestamp":"2025-08-24T09:50:43.014Z"}
{"error":"Health check returned unhealthy status","healthStatus":{"authenticated":false,"message":"Server is unhealthy - authentication required","status":"unhealthy","timestamp":"2025-08-24T09:50:43.014Z"},"level":"error","message":"Initial health check failed","service":"xmcpx","stack":"Error: Health check returned unhealthy status\n    at startServer (/root/.npm/_npx/c79848456175e236/node_modules/@promptordie/xmcpx/build/index.js:694:74)\n    at process.processTicksAndRejections (node:internal/process/task_queues:105:5)","timestamp":"2025-08-24T09:50:43.015Z"}
{"level":"info","message":"HTTP server for health checks running on port 3001","service":"xmcpx","timestamp":"2025-08-24T09:50:43.018Z"}
{"level":"info","message":"Shutting down XMCP server...","service":"xmcpx","timestamp":"2025-08-24T09:51:01.589Z"}
